mode: set
cmd/api/cmd/api/application.go:24.20,28.16 2 0
cmd/api/cmd/api/application.go:28.16,31.3 2 0
cmd/api/cmd/api/application.go:33.2,35.16 2 0
cmd/api/cmd/api/application.go:35.16,38.3 2 0
cmd/api/cmd/api/application.go:40.2,55.12 8 0
cmd/api/cmd/api/application.go:58.81,61.16 3 0
cmd/api/cmd/api/application.go:61.16,64.3 2 0
cmd/api/cmd/api/application.go:67.2,68.16 2 0
cmd/api/cmd/api/application.go:68.16,70.3 1 0
cmd/api/cmd/api/application.go:72.2,73.24 2 0
cmd/api/cmd/api/application.go:76.50,78.16 2 0
cmd/api/cmd/api/application.go:78.16,80.3 1 0
cmd/api/cmd/api/application.go:81.2,81.21 1 0
cmd/api/cmd/api/main.go:11.13,24.16 4 0
cmd/api/cmd/api/main.go:24.16,25.13 1 0
cmd/api/cmd/api/main.go:28.2,31.41 4 0
cmd/api/cmd/api/main.go:31.41,32.13 1 0
cmd/api/cmd/api/routes.go:9.33,22.2 7 0
cmd/api/cmd/api/routes.go:24.21,26.16 2 0
cmd/api/cmd/api/routes.go:26.16,28.3 1 0
cmd/api/internal/infrastructure/persistence/repository.go:22.52,24.2 1 0
cmd/api/internal/infrastructure/persistence/repository.go:26.87,28.16 2 0
cmd/api/internal/infrastructure/persistence/repository.go:28.16,29.34 1 0
cmd/api/internal/infrastructure/persistence/repository.go:29.34,32.4 2 0
cmd/api/internal/infrastructure/persistence/repository.go:33.3,34.13 2 0
cmd/api/internal/infrastructure/persistence/repository.go:36.2,36.12 1 0
cmd/api/internal/infrastructure/persistence/repository.go:39.82,41.16 2 0
cmd/api/internal/infrastructure/persistence/repository.go:41.16,44.3 2 0
cmd/api/internal/infrastructure/persistence/repository.go:45.2,45.12 1 0
cmd/api/internal/infrastructure/persistence/repository.go:48.90,50.16 2 0
cmd/api/internal/infrastructure/persistence/repository.go:50.16,53.3 2 0
cmd/api/internal/infrastructure/persistence/repository.go:54.2,54.12 1 0
cmd/api/internal/infrastructure/persistence/repository.go:57.70,59.16 2 0
cmd/api/internal/infrastructure/persistence/repository.go:59.16,62.3 2 0
cmd/api/internal/infrastructure/persistence/repository.go:63.2,63.12 1 0
cmd/api/internal/mocks/ingrediente_service_mock.go:14.98,18.2 2 0
cmd/api/internal/mocks/ingrediente_service_mock.go:20.111,23.2 2 0
cmd/api/internal/mocks/ingrediente_service_mock.go:25.97,28.2 2 0
cmd/api/internal/mocks/ingrediente_service_mock.go:30.79,33.2 2 0
cmd/api/internal/mocks/inventario_service_mock.go:13.145,16.2 2 0
cmd/api/internal/mocks/inventario_service_mock.go:18.106,21.2 2 0
cmd/api/internal/mocks/receta_service_mock.go:14.96,17.2 2 0
cmd/api/internal/mocks/receta_service_mock.go:19.88,22.2 2 0
cmd/api/internal/mocks/receta_service_mock.go:24.130,27.2 2 0
cmd/api/internal/mocks/receta_service_mock.go:29.108,32.2 2 0
cmd/api/internal/mocks/repository_mock.go:13.86,16.2 2 0
cmd/api/internal/mocks/repository_mock.go:18.81,21.2 2 0
cmd/api/internal/mocks/repository_mock.go:23.89,26.2 2 0
cmd/api/internal/mocks/repository_mock.go:28.69,31.2 2 0
cmd/api/internal/infrastructure/messaging/messaging.go:12.61,14.16 2 0
cmd/api/internal/infrastructure/messaging/messaging.go:14.16,16.3 1 0
cmd/api/internal/infrastructure/messaging/messaging.go:18.2,19.16 2 0
cmd/api/internal/infrastructure/messaging/messaging.go:19.16,21.3 1 0
cmd/api/internal/infrastructure/messaging/messaging.go:23.2,23.49 1 0
cmd/api/internal/infrastructure/messaging/messaging.go:26.58,28.2 1 0
cmd/api/internal/infrastructure/messaging/messaging.go:30.85,32.16 2 0
cmd/api/internal/infrastructure/messaging/messaging.go:32.16,34.3 1 0
cmd/api/internal/infrastructure/messaging/messaging.go:36.2,36.32 1 0
cmd/api/internal/infrastructure/messaging/messaging.go:36.32,38.3 1 0
cmd/api/internal/infrastructure/messaging/messaging.go:39.2,39.12 1 0
cmd/api/internal/infrastructure/messaging/messaging.go:42.39,45.2 2 0
cmd/api/internal/application/controllers/ingrediente_controller.go:19.90,23.2 1 1
cmd/api/internal/application/controllers/ingrediente_controller.go:25.62,27.2 1 1
cmd/api/internal/application/controllers/ingrediente_controller.go:29.70,31.2 1 1
cmd/api/internal/application/controllers/ingrediente_controller.go:33.65,35.2 1 1
cmd/api/internal/application/controllers/ingrediente_controller.go:37.53,40.16 3 1
cmd/api/internal/application/controllers/ingrediente_controller.go:40.16,41.33 1 1
cmd/api/internal/application/controllers/ingrediente_controller.go:41.33,44.4 2 1
cmd/api/internal/application/controllers/ingrediente_controller.go:45.3,46.9 2 1
cmd/api/internal/application/controllers/ingrediente_controller.go:48.2,48.36 1 1
cmd/api/internal/application/controllers/ingrediente_controller.go:51.64,53.49 2 1
cmd/api/internal/application/controllers/ingrediente_controller.go:53.49,56.3 2 1
cmd/api/internal/application/controllers/ingrediente_controller.go:58.2,59.16 2 1
cmd/api/internal/application/controllers/ingrediente_controller.go:59.16,62.3 2 1
cmd/api/internal/application/controllers/ingrediente_controller.go:64.2,64.32 1 1
cmd/api/internal/application/controllers/ingrediente_controller.go:67.75,70.46 3 1
cmd/api/internal/application/controllers/ingrediente_controller.go:70.46,73.3 2 1
cmd/api/internal/application/controllers/ingrediente_controller.go:75.2,76.16 2 1
cmd/api/internal/application/controllers/ingrediente_controller.go:76.16,77.33 1 1
cmd/api/internal/application/controllers/ingrediente_controller.go:77.33,80.4 2 1
cmd/api/internal/application/controllers/ingrediente_controller.go:81.3,82.9 2 1
cmd/api/internal/application/controllers/ingrediente_controller.go:85.2,85.31 1 1
cmd/api/internal/application/controllers/inventario_consumer.go:23.145,30.2 1 0
cmd/api/internal/application/controllers/inventario_consumer.go:32.44,45.16 3 0
cmd/api/internal/application/controllers/inventario_consumer.go:45.16,47.3 1 0
cmd/api/internal/application/controllers/inventario_consumer.go:50.2,58.16 2 0
cmd/api/internal/application/controllers/inventario_consumer.go:58.16,60.3 1 0
cmd/api/internal/application/controllers/inventario_consumer.go:63.2,70.16 2 0
cmd/api/internal/application/controllers/inventario_consumer.go:70.16,72.3 1 0
cmd/api/internal/application/controllers/inventario_consumer.go:74.2,83.16 2 0
cmd/api/internal/application/controllers/inventario_consumer.go:83.16,85.3 1 0
cmd/api/internal/application/controllers/inventario_consumer.go:87.2,88.12 2 0
cmd/api/internal/application/controllers/inventario_consumer.go:88.12,89.23 1 0
cmd/api/internal/application/controllers/inventario_consumer.go:89.23,92.18 3 0
cmd/api/internal/application/controllers/inventario_consumer.go:92.18,94.13 2 0
cmd/api/internal/application/controllers/inventario_consumer.go:96.4,97.92 2 0
cmd/api/internal/application/controllers/inventario_consumer.go:102.2,102.12 1 0
cmd/api/internal/application/controllers/inventario_controller.go:14.87,18.2 1 1
cmd/api/internal/application/controllers/inventario_controller.go:20.60,22.2 1 1
cmd/api/internal/application/controllers/inventario_controller.go:24.61,26.45 2 1
cmd/api/internal/application/controllers/inventario_controller.go:26.45,29.3 2 1
cmd/api/internal/application/controllers/inventario_controller.go:31.2,32.16 2 1
cmd/api/internal/application/controllers/inventario_controller.go:32.16,35.3 2 0
cmd/api/internal/application/controllers/inventario_controller.go:37.2,37.80 1 1
cmd/api/internal/application/controllers/inventario_controller.go:40.65,42.45 2 0
cmd/api/internal/application/controllers/inventario_controller.go:42.45,45.3 2 0
cmd/api/internal/application/controllers/inventario_controller.go:47.2,48.16 2 0
cmd/api/internal/application/controllers/inventario_controller.go:48.16,51.3 2 0
cmd/api/internal/application/controllers/inventario_controller.go:53.2,53.80 1 0
cmd/api/internal/application/controllers/receta_controller.go:15.75,19.2 1 1
cmd/api/internal/application/controllers/receta_controller.go:21.51,23.2 1 1
cmd/api/internal/application/controllers/receta_controller.go:25.51,27.2 1 1
cmd/api/internal/application/controllers/receta_controller.go:29.59,31.2 1 1
cmd/api/internal/application/controllers/receta_controller.go:33.59,35.2 1 0
cmd/api/internal/application/controllers/receta_controller.go:37.53,40.16 3 1
cmd/api/internal/application/controllers/receta_controller.go:40.16,41.33 1 1
cmd/api/internal/application/controllers/receta_controller.go:41.33,44.4 2 1
cmd/api/internal/application/controllers/receta_controller.go:45.3,46.9 2 1
cmd/api/internal/application/controllers/receta_controller.go:48.2,48.31 1 1
cmd/api/internal/application/controllers/receta_controller.go:51.53,53.44 2 1
cmd/api/internal/application/controllers/receta_controller.go:53.44,56.3 2 1
cmd/api/internal/application/controllers/receta_controller.go:58.2,59.16 2 1
cmd/api/internal/application/controllers/receta_controller.go:59.16,62.3 2 1
cmd/api/internal/application/controllers/receta_controller.go:64.2,64.32 1 1
cmd/api/internal/application/controllers/receta_controller.go:67.58,70.57 3 1
cmd/api/internal/application/controllers/receta_controller.go:70.57,73.3 2 1
cmd/api/internal/application/controllers/receta_controller.go:75.2,76.16 2 1
cmd/api/internal/application/controllers/receta_controller.go:76.16,79.3 2 1
cmd/api/internal/application/controllers/receta_controller.go:81.2,81.29 1 1
cmd/api/internal/infrastructure/messaging/messaging.go:12.61,14.16 2 0
cmd/api/internal/infrastructure/messaging/messaging.go:14.16,16.3 1 0
cmd/api/internal/infrastructure/messaging/messaging.go:18.2,19.16 2 0
cmd/api/internal/infrastructure/messaging/messaging.go:19.16,21.3 1 0
cmd/api/internal/infrastructure/messaging/messaging.go:23.2,23.49 1 0
cmd/api/internal/infrastructure/messaging/messaging.go:26.58,28.2 1 0
cmd/api/internal/infrastructure/messaging/messaging.go:30.85,32.16 2 0
cmd/api/internal/infrastructure/messaging/messaging.go:32.16,34.3 1 0
cmd/api/internal/infrastructure/messaging/messaging.go:36.2,36.32 1 0
cmd/api/internal/infrastructure/messaging/messaging.go:36.32,38.3 1 0
cmd/api/internal/infrastructure/messaging/messaging.go:39.2,39.12 1 0
cmd/api/internal/infrastructure/messaging/messaging.go:42.39,45.2 2 0
cmd/api/internal/infrastructure/persistence/repository.go:22.52,24.2 1 0
cmd/api/internal/infrastructure/persistence/repository.go:26.87,28.16 2 0
cmd/api/internal/infrastructure/persistence/repository.go:28.16,29.34 1 0
cmd/api/internal/infrastructure/persistence/repository.go:29.34,32.4 2 0
cmd/api/internal/infrastructure/persistence/repository.go:33.3,34.13 2 0
cmd/api/internal/infrastructure/persistence/repository.go:36.2,36.12 1 0
cmd/api/internal/infrastructure/persistence/repository.go:39.82,41.16 2 0
cmd/api/internal/infrastructure/persistence/repository.go:41.16,44.3 2 0
cmd/api/internal/infrastructure/persistence/repository.go:45.2,45.12 1 0
cmd/api/internal/infrastructure/persistence/repository.go:48.90,50.16 2 0
cmd/api/internal/infrastructure/persistence/repository.go:50.16,53.3 2 0
cmd/api/internal/infrastructure/persistence/repository.go:54.2,54.12 1 0
cmd/api/internal/infrastructure/persistence/repository.go:57.70,59.16 2 0
cmd/api/internal/infrastructure/persistence/repository.go:59.16,62.3 2 0
cmd/api/internal/infrastructure/persistence/repository.go:63.2,63.12 1 0
cmd/api/internal/mocks/ingrediente_service_mock.go:14.98,18.2 2 1
cmd/api/internal/mocks/ingrediente_service_mock.go:20.111,23.2 2 1
cmd/api/internal/mocks/ingrediente_service_mock.go:25.97,28.2 2 1
cmd/api/internal/mocks/ingrediente_service_mock.go:30.79,33.2 2 0
cmd/api/internal/mocks/inventario_service_mock.go:13.145,16.2 2 1
cmd/api/internal/mocks/inventario_service_mock.go:18.106,21.2 2 0
cmd/api/internal/mocks/receta_service_mock.go:14.96,17.2 2 1
cmd/api/internal/mocks/receta_service_mock.go:19.88,22.2 2 1
cmd/api/internal/mocks/receta_service_mock.go:24.130,27.2 2 1
cmd/api/internal/mocks/receta_service_mock.go:29.108,32.2 2 0
cmd/api/internal/mocks/repository_mock.go:13.86,16.2 2 0
cmd/api/internal/mocks/repository_mock.go:18.81,21.2 2 0
cmd/api/internal/mocks/repository_mock.go:23.89,26.2 2 0
cmd/api/internal/mocks/repository_mock.go:28.69,31.2 2 0
cmd/api/internal/domain/services/ingrediente_service.go:26.82,30.2 1 0
cmd/api/internal/domain/services/ingrediente_service.go:32.94,35.16 3 0
cmd/api/internal/domain/services/ingrediente_service.go:35.16,36.34 1 0
cmd/api/internal/domain/services/ingrediente_service.go:36.34,38.4 1 0
cmd/api/internal/domain/services/ingrediente_service.go:39.3,40.55 2 0
cmd/api/internal/domain/services/ingrediente_service.go:42.2,42.25 1 0
cmd/api/internal/domain/services/ingrediente_service.go:45.107,48.16 3 0
cmd/api/internal/domain/services/ingrediente_service.go:48.16,51.3 2 0
cmd/api/internal/domain/services/ingrediente_service.go:53.2,53.29 1 0
cmd/api/internal/domain/services/ingrediente_service.go:56.93,58.16 2 0
cmd/api/internal/domain/services/ingrediente_service.go:58.16,60.3 1 0
cmd/api/internal/domain/services/ingrediente_service.go:61.2,68.16 3 0
cmd/api/internal/domain/services/ingrediente_service.go:68.16,71.3 2 0
cmd/api/internal/domain/services/ingrediente_service.go:72.2,72.12 1 0
cmd/api/internal/domain/services/ingrediente_service.go:75.75,77.2 1 0
cmd/api/internal/domain/services/inventario_service.go:17.77,19.2 1 0
cmd/api/internal/domain/services/inventario_service.go:21.141,23.50 2 0
cmd/api/internal/domain/services/inventario_service.go:23.50,25.17 2 0
cmd/api/internal/domain/services/inventario_service.go:25.17,27.4 1 0
cmd/api/internal/domain/services/inventario_service.go:28.3,28.47 1 0
cmd/api/internal/domain/services/inventario_service.go:28.47,30.4 1 0
cmd/api/internal/domain/services/inventario_service.go:32.2,32.40 1 0
cmd/api/internal/domain/services/inventario_service.go:35.102,37.16 2 0
cmd/api/internal/domain/services/inventario_service.go:37.16,39.3 1 0
cmd/api/internal/domain/services/inventario_service.go:41.2,41.37 1 0
cmd/api/internal/domain/services/inventario_service.go:41.37,43.3 1 0
cmd/api/internal/domain/services/inventario_service.go:45.2,46.12 2 0
cmd/api/internal/domain/services/receta_service.go:26.72,30.2 1 0
cmd/api/internal/domain/services/receta_service.go:32.92,35.16 3 0
cmd/api/internal/domain/services/receta_service.go:35.16,38.3 2 0
cmd/api/internal/domain/services/receta_service.go:40.2,40.24 1 0
cmd/api/internal/domain/services/receta_service.go:43.84,46.16 3 0
cmd/api/internal/domain/services/receta_service.go:46.16,47.34 1 0
cmd/api/internal/domain/services/receta_service.go:47.34,49.4 1 0
cmd/api/internal/domain/services/receta_service.go:50.3,51.50 2 0
cmd/api/internal/domain/services/receta_service.go:53.2,53.20 1 0
cmd/api/internal/domain/services/receta_service.go:56.126,58.16 2 0
cmd/api/internal/domain/services/receta_service.go:58.16,60.3 1 0
cmd/api/internal/domain/services/receta_service.go:61.2,67.16 3 0
cmd/api/internal/domain/services/receta_service.go:67.16,70.3 2 0
cmd/api/internal/domain/services/receta_service.go:71.2,71.12 1 0
cmd/api/internal/domain/services/receta_service.go:74.104,76.16 2 0
cmd/api/internal/domain/services/receta_service.go:76.16,78.3 1 0
cmd/api/internal/domain/services/receta_service.go:79.2,88.16 3 0
cmd/api/internal/domain/services/receta_service.go:88.16,91.3 2 0
cmd/api/internal/domain/services/receta_service.go:92.2,92.12 1 0
cmd/api/internal/infrastructure/persistence/repository.go:22.52,24.2 1 0
cmd/api/internal/infrastructure/persistence/repository.go:26.87,28.16 2 0
cmd/api/internal/infrastructure/persistence/repository.go:28.16,29.34 1 0
cmd/api/internal/infrastructure/persistence/repository.go:29.34,32.4 2 0
cmd/api/internal/infrastructure/persistence/repository.go:33.3,34.13 2 0
cmd/api/internal/infrastructure/persistence/repository.go:36.2,36.12 1 0
cmd/api/internal/infrastructure/persistence/repository.go:39.82,41.16 2 0
cmd/api/internal/infrastructure/persistence/repository.go:41.16,44.3 2 0
cmd/api/internal/infrastructure/persistence/repository.go:45.2,45.12 1 0
cmd/api/internal/infrastructure/persistence/repository.go:48.90,50.16 2 0
cmd/api/internal/infrastructure/persistence/repository.go:50.16,53.3 2 0
cmd/api/internal/infrastructure/persistence/repository.go:54.2,54.12 1 0
cmd/api/internal/infrastructure/persistence/repository.go:57.70,59.16 2 0
cmd/api/internal/infrastructure/persistence/repository.go:59.16,62.3 2 0
cmd/api/internal/infrastructure/persistence/repository.go:63.2,63.12 1 0
